{"message":"listening on port undefined","level":"info"}
{"message":"listening on port 8848","level":"info"}
{"message":"listening on port 8848","level":"info"}
{"message":"listening on port 8848","level":"info"}
{"message":"listening on port 8848","level":"info"}
{"message":"listening on port 8848","level":"info"}
{"message":"listening on port 8848","level":"info"}
{"message":"listening on port 8848","level":"info"}
{"message":"listening on port 8848","level":"info"}
{"message":"listening on port 8848","level":"info"}
{"message":"listening on port 8848","level":"info"}
{"message":"listening on port 8848","level":"info"}
{"message":"listening on port 8848","level":"info"}
{"message":"listening on port 8848","level":"info"}
{"message":"listening on port 8848","level":"info"}
{"message":"listening on port 8848","level":"info"}
{"message":"listening on port 8848","level":"info"}
{"message":"listening on port 8848","level":"info"}
{"message":"listening on port 8848","level":"info"}
{"message":"listening on port 8848","level":"info"}
{"message":"listening on port 8848","level":"info"}
{"message":"listening on port 8848","level":"info"}
{"message":"listening on port 8848","level":"info"}
{"message":"Invalid Login Credentials","level":"error"}
{"message":"listening on port 8848","level":"info"}
{"message":"listening on port 8848","level":"info"}
{"message":"Invalid Login Credentials","level":"error"}
{"message":"Invalid Login Credentials","level":"error"}
{"message":"listening on port 8848","level":"info"}
{"message":"Invalid Login Credentials","level":"error"}
{"message":"listening on port 8848","level":"info"}
{"message":"listening on port 8848","level":"info"}
{"message":"Invalid Login Credentials","level":"error"}
{"message":"Home created successfully","level":"info"}
{"message":"Home created successfully","level":"info"}
{"message":"Home created successfully","level":"info"}
{"message":"Home created successfully","level":"info"}
{"message":"Home created successfully","level":"info"}
{"message":"Fetching  Product page content","level":"info"}
{"message":"listening on port 8848","level":"info"}
{"message":"Home created successfully","level":"info"}
{"message":"Fetching  Product page content","level":"info"}
{"message":"listening on port 8848","level":"info"}
{"message":"listening on port 8848","level":"info"}
{"message":"listening on port 8848","level":"info"}
{"message":"listening on port 8848","level":"info"}
{"message":"listening on port 8848","level":"info"}
{"message":"listening on port 8848","level":"info"}
{"message":"listening on port 8848","level":"info"}
{"message":"listening on port 8848","level":"info"}
{"message":"Fetching  Product page content","level":"info"}
{"message":"listening on port 8848","level":"info"}
{"message":"Home created successfully","level":"info"}
{"message":"Fetching  Product page content","level":"info"}
{"message":"Fetching  Product page content","level":"info"}
{"message":"listening on port 8848","level":"info"}
{"message":"listening on port 8848","level":"info"}
{"message":"listening on port 8848","level":"info"}
{"message":"Fetching  Product page content","level":"info"}
{"message":"listening on port 8848","level":"info"}
{"message":"listening on port 8848","level":"info"}
{"message":"listening on port 8848","level":"info"}
{"message":"listening on port 8848","level":"info"}
{"message":"Fetching  Product page content","level":"info"}
{"message":"listening on port 8848","level":"info"}
{"message":"Fetching  Product page content","level":"info"}
{"message":"listening on port 8848","level":"info"}
{"message":"listening on port 8848","level":"info"}
{"message":"listening on port 8848","level":"info"}
{"message":"listening on port 8848","level":"info"}
{"message":"listening on port 8848","level":"info"}
{"message":"listening on port 8848","level":"info"}
{"message":"listening on port 8848","level":"info"}
{"message":"listening on port 8848","level":"info"}
{"message":"listening on port 8848","level":"info"}
{"message":"listening on port 8848","level":"info"}
{"message":"listening on port 8848","level":"info"}
{"message":"listening on port 8848","level":"info"}
{"message":"listening on port 8848","level":"info"}
{"message":"Invalid Login Credentials","level":"error"}
{"message":"listening on port 8848","level":"info"}
{"message":"Invalid Login Credentials","level":"error"}
{"message":"listening on port 8848","level":"info"}
{"message":"Invalid Login Credentials","level":"error"}
{"message":"listening on port 8848","level":"info"}
{"message":"listening on port 8848","level":"info"}
{"message":"listening on port 8848","level":"info"}
{"message":"listening on port 8848","level":"info"}
{"message":"listening on port 8848","level":"info"}
{"message":"listening on port 8848","level":"info"}
{"message":"listening on port 8848","level":"info"}
{"message":"listening on port 8848","level":"info"}
{"message":"listening on port 8848","level":"info"}
{"message":"listening on port 8848","level":"info"}
{"message":"listening on port 8848","level":"info"}
{"message":"listening on port 8848","level":"info"}
{"message":"listening on port 8848","level":"info"}
{"message":"listening on port 8848","level":"info"}
{"message":"listening on port 8848","level":"info"}
{"message":"listening on port 8848","level":"info"}
{"message":"listening on port 8848","level":"info"}
{"message":"listening on port 8848","level":"info"}
{"message":"listening on port 8848","level":"info"}
{"message":"listening on port 8848","level":"info"}
{"message":"listening on port 8848","level":"info"}
{"message":"listening on port 8848","level":"info"}
{"message":"listening on port 8848","level":"info"}
{"message":"listening on port 8848","level":"info"}
{"message":"listening on port 8848","level":"info"}
{"message":"listening on port 8848","level":"info"}
{"message":"Fetching  Product page content","level":"info"}
{"message":"listening on port 8848","level":"info"}
{"message":"Home created successfully","level":"info"}
{"message":"Home created successfully","level":"info"}
{"message":"Home created successfully","level":"info"}
{"message":"Home created successfully","level":"info"}
{"message":"Home created successfully","level":"info"}
{"message":"Home created successfully","level":"info"}
{"message":"Home created successfully","level":"info"}
{"message":"Home created successfully","level":"info"}
{"message":"Home created successfully","level":"info"}
{"message":"Home created successfully","level":"info"}
{"message":"Home created successfully","level":"info"}
{"message":"Fetching  Product page content","level":"info"}
{"message":"listening on port 8848","level":"info"}
{"message":"listening on port 8848","level":"info"}
{"message":"Fetching  Product page content","level":"info"}
{"message":"Fetching  Product page content","level":"info"}
{"message":"listening on port 8848","level":"info"}
{"message":"Fetching  Product page content","level":"info"}
{"message":"Fetching  Product page content","level":"info"}
{"message":"Fetching  Product page content","level":"info"}
{"message":"Fetching  Product page content","level":"info"}
{"message":"Fetching  Product page content","level":"info"}
{"message":"Fetching  Product page content","level":"info"}
{"message":"Fetching  Product page content","level":"info"}
{"message":"Fetching  Product page content","level":"info"}
{"message":"Fetching  Product page content","level":"info"}
{"message":"Fetching  Product page content","level":"info"}
{"message":"Fetching  Product page content","level":"info"}
{"message":"Fetching  Product page content","level":"info"}
{"message":"listening on port 5000","level":"info"}
{"message":"Fetching  Product page content","level":"info"}
{"message":"Fetching  Product page content","level":"info"}
{"message":"Fetching  Product page content","level":"info"}
{"message":"listening on port 5000","level":"info"}
{"message":"Fetching  Product page content","level":"info"}
{"message":"Fetching  Product page content","level":"info"}
{"message":"Fetching  Product page content","level":"info"}
{"message":"Fetching  Product page content","level":"info"}
{"message":"Fetching  Product page content","level":"info"}
{"message":"Fetching  Product page content","level":"info"}
{"message":"Fetching  Product page content","level":"info"}
{"message":"Fetching  Product page content","level":"info"}
{"message":"listening on port 5000","level":"info"}
{"message":"Invalid login credentials","level":"error"}
{"message":"Invalid login credentials","level":"error"}
{"message":"listening on port 5000","level":"info"}
{"message":"Invalid login password credentials","level":"error"}
{"message":"listening on port 5000","level":"info"}
{"message":"listening on port 5000","level":"info"}
{"message":"listening on port 5000","level":"info"}
{"message":"listening on port 5000","level":"info"}
{"message":"listening on port 5000","level":"info"}
{"message":"listening on port 5000","level":"info"}
{"message":"listening on port 5000","level":"info"}
{"message":"listening on port 5000","level":"info"}
{"message":"listening on port 5000","level":"info"}
{"message":"listening on port 5000","level":"info"}
{"message":"listening on port 5000","level":"info"}
{"message":"listening on port 5000","level":"info"}
{"message":"listening on port 5000","level":"info"}
{"message":"listening on port 5000","level":"info"}
{"message":"Fetching  Product page content","level":"info"}
{"message":"listening on port 5000","level":"info"}
{"message":"Fetching  Product page content","level":"info"}
{"message":"listening on port 5000","level":"info"}
{"message":"Fetching  Product page content","level":"info"}
{"message":"listening on port 5000","level":"info"}
{"message":"Fetching  Product page content","level":"info"}
{"message":"listening on port 5000","level":"info"}
{"message":"Getting the gallery images","level":"info"}
{"message":"Getting the gallery images","level":"info"}
{"message":"Getting the gallery images","level":"info"}
{"message":"Getting the gallery images","level":"info"}
{"message":"Fetching  Product page content","level":"info"}
{"message":"Fetching  Product page content","level":"info"}
{"message":"Getting the gallery images","level":"info"}
{"message":"Getting the gallery images","level":"info"}
{"message":"Fetching  Product page content","level":"info"}
{"message":"Getting the gallery images","level":"info"}
{"message":"Fetching  Product page content","level":"info"}
{"message":"Fetching  Product page content","level":"info"}
{"message":"Getting the gallery images","level":"info"}
{"message":"Getting the gallery images","level":"info"}
{"message":"Fetching  Product page content","level":"info"}
{"message":"listening on port 5000","level":"info"}
{"message":"Fetching  Product page content","level":"info"}
{"message":"Getting the gallery images","level":"info"}
{"message":"Invalid login password credentials","level":"error"}
{"message":"listening on port 5000","level":"info"}
{"message":"listening on port 5000","level":"info"}
{"message":"listening on port 5000","level":"info"}
{"message":"listening on port 5000","level":"info"}
{"message":"listening on port 5000","level":"info"}
{"message":"listening on port 5000","level":"info"}
{"message":"listening on port 5000","level":"info"}
{"message":"listening on port 5000","level":"info"}
{"message":"listening on port 5000","level":"info"}
{"message":"listening on port 5000","level":"info"}
{"message":"listening on port 5000","level":"info"}
{"message":"listening on port 5000","level":"info"}
{"message":"listening on port 5000","level":"info"}
{"message":"listening on port 5000","level":"info"}
{"message":"listening on port 5000","level":"info"}
{"message":"listening on port 5000","level":"info"}
{"message":"listening on port 5000","level":"info"}
{"message":"listening on port 5000","level":"info"}
{"message":"listening on port 5000","level":"info"}
{"message":"listening on port 5000","level":"info"}
{"message":"listening on port 5000","level":"info"}
{"message":"listening on port 5000","level":"info"}
{"message":"listening on port 5000","level":"info"}
{"message":"listening on port 5000","level":"info"}
{"message":"listening on port 5000","level":"info"}
{"message":"listening on port 5000","level":"info"}
